Change rhy to ou
Accuracy : 0.6860857142857143
Change rhy to n
Accuracy : 0.0022714285714285714
Change rhy to un
Accuracy : 0.5809857142857143
Change rhy to an
Accuracy : 0.6932142857142857
Change rhy to uang
Accuracy : 0.6057428571428571
Change rhy to uan
Accuracy : 0.6543285714285715
Change rhy to en
Accuracy : 0.6350714285714286
Change rhy to ie
Accuracy : 0.6851857142857143
Change rhy to ve
Accuracy : 0.2016
Change rhy to er
Accuracy : 0.296
Change rhy to a
Accuracy : 0.6992285714285714
Change rhy to iang
Accuracy : 0.6649714285714285
Change rhy to ing
Accuracy : 0.6015428571428572
Change rhy to ua
Accuracy : 0.5671857142857143
Change rhy to eng
Accuracy : 0.6321857142857142
Change rhy to i
Accuracy : 0.7924142857142857
Change rhy to ui
Accuracy : 0.6635714285714286
Change rhy to o
Accuracy : 0.6850142857142857
Change rhy to iu
Accuracy : 0.6712428571428571
Change rhy to ian
Accuracy : 0.7434428571428572
Change rhy to v
Accuracy : 0.32694285714285715
Change rhy to ei
Accuracy : 0.7120857142857143
Change rhy to ong
Accuracy : 0.7248714285714286
Change rhy to in
Accuracy : 0.5416
Change rhy to ai
Accuracy : 0.7114142857142857
Change rhy to iong
Accuracy : 0.27808571428571427
Change rhy to iao
Accuracy : 0.6160428571428571
Change rhy to ang
Accuracy : 0.7788142857142857
Change rhy to e
Accuracy : 0.7848428571428572
Change rhy to u
Accuracy : 0.7086714285714286
Change rhy to uo
Accuracy : 0.6252428571428571
Change rhy to ao
Accuracy : 0.5994142857142857
Change rhy to ia
Accuracy : 0.6399
Change rhy to uai
Accuracy : 0.5812285714285714
Change rhy to ue
Accuracy : 0.5465285714285715
